<?xml version="1.0" encoding="UTF-8"?>
<!-- Generated by org.testng.reporters.JUnitReportReporter -->
<testsuite skipped="0" hostname="WKWIN7683238" name="herokuapp.backbase.tests.HeroKuappTestCases" tests="4" failures="0" timestamp="11 Jul 2018 00:56:34 GMT" time="111.819" errors="0">
  <testcase name="verifyNewComputerAddedSuccessfully" time="18.046" classname="herokuapp.backbase.tests.HeroKuappTestCases"/>
  <testcase name="verifySearch" time="12.702" classname="herokuapp.backbase.tests.HeroKuappTestCases"/>
  <testcase name="verifyComputerDetailsUpdatedSuccessFully" time="30.131" classname="herokuapp.backbase.tests.HeroKuappTestCases"/>
  <testcase name="verifyComputerDeletedSuccessfully" time="50.940" classname="herokuapp.backbase.tests.HeroKuappTestCases"/>
</testsuite> <!-- herokuapp.backbase.tests.HeroKuappTestCases -->
