<?xml version="1.0" encoding="UTF-8"?>
<!-- Generated by org.testng.reporters.JUnitReportReporter -->
<testsuite skipped="0" hostname="WKWIN7683238" name="herokuapp.backbase.tests.testcase" tests="1" failures="0" timestamp="11 Jul 2018 00:17:49 GMT" time="19.864" errors="0">
  <testcase name="verifyNewComputerAddedSuccessfully" time="19.864" classname="herokuapp.backbase.tests.testcase"/>
</testsuite> <!-- herokuapp.backbase.tests.testcase -->
